#
# There is insufficient memory for the Java Runtime Environment to continue.
# Native memory allocation (mmap) failed to map 96468992 bytes for G1 virtual space
# Possible reasons:
#   The system is out of physical RAM or swap space
#   The process is running with CompressedOops enabled, and the Java Heap may be blocking the growth of the native heap
# Possible solutions:
#   Reduce memory load on the system
#   Increase physical memory or swap space
#   Check if swap backing store is full
#   Decrease Java heap size (-Xmx/-Xms)
#   Decrease number of Java threads
#   Decrease Java thread stack sizes (-Xss)
#   Set larger code cache with -XX:ReservedCodeCacheSize=
#   JVM is running with Unscaled Compressed Oops mode in which the Java heap is
#     placed in the first 4GB address space. The Java Heap base address is the
#     maximum limit for the native heap growth. Please use -XX:HeapBaseMinAddress
#     to set the Java Heap base and to place the Java Heap above 4GB virtual address.
# This output file may be truncated or incomplete.
#
#  Out of Memory Error (os_windows.cpp:3527), pid=1376, tid=5552
#
# JRE version:  (19.0.1+10) (build )
# Java VM: Java HotSpot(TM) 64-Bit Server VM (19.0.1+10-21, mixed mode, sharing, tiered, compressed oops, compressed class ptrs, g1 gc, windows-amd64)
# No core dump will be written. Minidumps are not enabled by default on client versions of Windows
#

---------------  S U M M A R Y ------------

Command Line: -ea -Dfile.encoding=windows-1252 -XX:+ShowCodeDetailsInExceptionMessages -Xmx256M org.testng.remote.RemoteTestNG -serport 61520 -protocol json -d D:\webAuto\test-output C:\Users\Lenovo\AppData\Local\Temp\testng-eclipse-581709172\testng-customsuite.xml

Host: Intel(R) Pentium(R) CPU        P6200  @ 2.13GHz, 2 cores, 5G,  Windows 10 , 64 bit Build 19041 (10.0.19041.2788)
Time: Mon Apr 24 18:22:46 2023 India Standard Time elapsed time: 0.274748 seconds (0d 0h 0m 0s)

---------------  T H R E A D  ---------------

Current thread (0x0000025aac8135b0):  JavaThread "Unknown thread" [_thread_in_vm, id=5552, stack(0x0000009386000000,0x0000009386100000)]

Stack: [0x0000009386000000,0x0000009386100000]
Native frames: (J=compiled Java code, j=interpreted, Vv=VM code, C=native code)
V  [jvm.dll+0x6ee8fa]
V  [jvm.dll+0x857a1e]
V  [jvm.dll+0x85940e]
V  [jvm.dll+0x859ac3]
V  [jvm.dll+0x28291f]
V  [jvm.dll+0x6eb6e9]
V  [jvm.dll+0x6e028a]
V  [jvm.dll+0x357136]
V  [jvm.dll+0x35eb96]
V  [jvm.dll+0x3b555e]
V  [jvm.dll+0x3b578f]
V  [jvm.dll+0x32c6ea]
V  [jvm.dll+0x32d59e]
V  [jvm.dll+0x821b20]
V  [jvm.dll+0x3c27c1]
V  [jvm.dll+0x8022f1]
V  [jvm.dll+0x44b30f]
V  [jvm.dll+0x44cc91]
C  [jli.dll+0x5287]
C  [ucrtbase.dll+0x21bb2]
C  [KERNEL32.DLL+0x17604]
C  [ntdll.dll+0x526a1]


---------------  P R O C E S S  ---------------

Threads class SMR info:
_java_thread_list=0x00007ff99196d048, length=0, elements={
}

Java Threads: ( => current thread )

Other Threads:
  0x0000025aac83f740 WorkerThread "GC Thread#0" [stack: 0x0000009386100000,0x0000009386200000] [id=1676]
  0x0000025aac8426a0 ConcurrentGCThread "G1 Main Marker" [stack: 0x0000009386200000,0x0000009386300000] [id=7384]
  0x0000025aac843a10 WorkerThread "G1 Conc#0" [stack: 0x0000009386300000,0x0000009386400000] [id=4680]

[error occurred during error reporting (printing all threads), id 0xc0000005, EXCEPTION_ACCESS_VIOLATION (0xc0000005) at pc=0x00007ff99112d127]

VM state: not at safepoint (not fully initialized)

VM Mutex/Monitor currently owned by a thread:  ([mutex/lock_event])
[0x0000025aac810b10] Heap_lock - owner thread: 0x0000025aac8135b0

Heap address: 0x00000000f0000000, size: 256 MB, Compressed Oops mode: 32-bit

CDS archive(s) mapped at: [0x0000000000000000-0x0000000000000000-0x0000000000000000), size 0, SharedBaseAddress: 0x0000000800000000, ArchiveRelocationMode: 0.
Narrow klass base: 0x0000000000000000, Narrow klass shift: 0, Narrow klass range: 0x0

GC Precious Log:
 CardTable entry size: 512
 Card Set container configuration: InlinePtr #cards 5 size 8 Array Of Cards #cards 12 size 40 Howl #buckets 4 coarsen threshold 1843 Howl Bitmap #cards 512 size 80 coarsen threshold 460 Card regions per heap region 1 cards per card region 2048

Heap:
 garbage-first heap   total 0K, used 0K [0x00000000f0000000, 0x0000000100000000)
  region size 1024K, 0 young (0K), 0 survivors (0K)

[error occurred during error reporting (printing heap information), id 0xc0000005, EXCEPTION_ACCESS_VIOLATION (0xc0000005) at pc=0x00007ff991536959]

GC Heap History (0 events):
No events

Dll operation events (1 events):
Event: 0.041 Loaded shared library C:\Program Files\Java\jdk-19\bin\java.dll

Deoptimization events (0 events):
No events

Classes loaded (0 events):
No events

Classes unloaded (0 events):
No events

Classes redefined (0 events):
No events

Internal exceptions (0 events):
No events

VM Operations (0 events):
No events

Events (0 events):
No events


Dynamic libraries:
0x00007ff6c6090000 - 0x00007ff6c60a0000 	C:\Program Files\Java\jdk-19\bin\javaw.exe
0x00007ff9c2230000 - 0x00007ff9c2428000 	C:\Windows\SYSTEM32\ntdll.dll
0x00007ff9c0290000 - 0x00007ff9c034f000 	C:\Windows\System32\KERNEL32.DLL
0x00007ff9bf9a0000 - 0x00007ff9bfc7a000 	C:\Windows\System32\KERNELBASE.dll
0x00007ff9bfde0000 - 0x00007ff9bfee0000 	C:\Windows\System32\ucrtbase.dll
0x00007ff9b9aa0000 - 0x00007ff9b9ab8000 	C:\Program Files\Java\jdk-19\bin\jli.dll
0x00007ff9c2140000 - 0x00007ff9c21ee000 	C:\Windows\System32\ADVAPI32.dll
0x00007ff9c1ba0000 - 0x00007ff9c1c3e000 	C:\Windows\System32\msvcrt.dll
0x00007ff9c1c40000 - 0x00007ff9c1cdc000 	C:\Windows\System32\sechost.dll
0x00007ff9c1990000 - 0x00007ff9c1ab6000 	C:\Windows\System32\RPCRT4.dll
0x00007ff9c0350000 - 0x00007ff9c04ed000 	C:\Windows\System32\USER32.dll
0x00007ff9bf970000 - 0x00007ff9bf992000 	C:\Windows\System32\win32u.dll
0x00007ff9c2110000 - 0x00007ff9c213b000 	C:\Windows\System32\GDI32.dll
0x00007ff9c00e0000 - 0x00007ff9c01f0000 	C:\Windows\System32\gdi32full.dll
0x00007ff9c01f0000 - 0x00007ff9c028d000 	C:\Windows\System32\msvcp_win.dll
0x00007ff9adbf0000 - 0x00007ff9adc0b000 	C:\Program Files\Java\jdk-19\bin\VCRUNTIME140.dll
0x00007ff9af090000 - 0x00007ff9af32a000 	C:\Windows\WinSxS\amd64_microsoft.windows.common-controls_6595b64144ccf1df_6.0.19041.1110_none_60b5254171f9507e\COMCTL32.dll
0x00007ff9b1430000 - 0x00007ff9b143a000 	C:\Windows\SYSTEM32\VERSION.dll
0x00007ff9c13f0000 - 0x00007ff9c1420000 	C:\Windows\System32\IMM32.DLL
0x00007ff9bb470000 - 0x00007ff9bb47c000 	C:\Program Files\Java\jdk-19\bin\vcruntime140_1.dll
0x00007ff9ac410000 - 0x00007ff9ac49e000 	C:\Program Files\Java\jdk-19\bin\msvcp140.dll
0x00007ff990df0000 - 0x00007ff991ab0000 	C:\Program Files\Java\jdk-19\bin\server\jvm.dll
0x00007ff9bae00000 - 0x00007ff9bae09000 	C:\Windows\SYSTEM32\WSOCK32.dll
0x00007ff9c2070000 - 0x00007ff9c20db000 	C:\Windows\System32\WS2_32.dll
0x00007ff9aeff0000 - 0x00007ff9af017000 	C:\Windows\SYSTEM32\WINMM.dll
0x00007ff9bd800000 - 0x00007ff9bd812000 	C:\Windows\SYSTEM32\kernel.appcore.dll
0x00007ff9bb3b0000 - 0x00007ff9bb3ba000 	C:\Program Files\Java\jdk-19\bin\jimage.dll
0x00007ff9b0030000 - 0x00007ff9b0214000 	C:\Windows\SYSTEM32\DBGHELP.DLL
0x00007ff9aff10000 - 0x00007ff9aff44000 	C:\Windows\SYSTEM32\dbgcore.DLL
0x00007ff9bff30000 - 0x00007ff9bffb2000 	C:\Windows\System32\bcryptPrimitives.dll
0x00007ff9acab0000 - 0x00007ff9acad6000 	C:\Program Files\Java\jdk-19\bin\java.dll

dbghelp: loaded successfully - version: 4.0.5 - missing functions: none
symbol engine: initialized successfully - sym options: 0x614 - pdb path: .;C:\Program Files\Java\jdk-19\bin;C:\Windows\SYSTEM32;C:\Windows\WinSxS\amd64_microsoft.windows.common-controls_6595b64144ccf1df_6.0.19041.1110_none_60b5254171f9507e;C:\Program Files\Java\jdk-19\bin\server

VM Arguments:
jvm_args: -ea -Dfile.encoding=windows-1252 -XX:+ShowCodeDetailsInExceptionMessages -Xmx256M 
java_command: org.testng.remote.RemoteTestNG -serport 61520 -protocol json -d D:\webAuto\test-output C:\Users\Lenovo\AppData\Local\Temp\testng-eclipse-581709172\testng-customsuite.xml
java_class_path (initial): C:\Users\Lenovo\eclipse\jee-2022-12\eclipse\configuration\org.eclipse.osgi\922\0\.cp\lib\testng-remote.jar;D:\webAuto\target\test-classes;D:\webAuto\target\classes;C:\Users\Lenovo\.m2\repository\org\seleniumhq\selenium\selenium-java\3.141.59\selenium-java-3.141.59.jar;C:\Users\Lenovo\.m2\repository\org\seleniumhq\selenium\selenium-api\3.141.59\selenium-api-3.141.59.jar;C:\Users\Lenovo\.m2\repository\org\seleniumhq\selenium\selenium-chrome-driver\3.141.59\selenium-chrome-driver-3.141.59.jar;C:\Users\Lenovo\.m2\repository\org\seleniumhq\selenium\selenium-edge-driver\3.141.59\selenium-edge-driver-3.141.59.jar;C:\Users\Lenovo\.m2\repository\org\seleniumhq\selenium\selenium-firefox-driver\3.141.59\selenium-firefox-driver-3.141.59.jar;C:\Users\Lenovo\.m2\repository\org\seleniumhq\selenium\selenium-ie-driver\3.141.59\selenium-ie-driver-3.141.59.jar;C:\Users\Lenovo\.m2\repository\org\seleniumhq\selenium\selenium-opera-driver\3.141.59\selenium-opera-driver-3.141.59.jar;C:\Users\Lenovo\.m2\repository\org\seleniumhq\selenium\selenium-remote-driver\3.141.59\selenium-remote-driver-3.141.59.jar;C:\Users\Lenovo\.m2\repository\org\seleniumhq\selenium\selenium-safari-driver\3.141.59\selenium-safari-driver-3.141.59.jar;C:\Users\Lenovo\.m2\repository\org\seleniumhq\selenium\selenium-support\3.141.59\selenium-support-3.141.59.jar;C:\Users\Lenovo\.m2\repository\net\bytebuddy\byte-buddy\1.8.15\byte-buddy-1.8.15.jar;C:\Users\Lenovo\.m2\repository\org\apache\commons\commons-exec\1.3\commons-exec-1.3.jar;C:\Users\Lenovo\.m2\repository\com\google\guava\guava\25.0-jre\guava-25.0-jre.jar;C:\Users\Lenovo\.m2\repository\com\google\code\findbugs\jsr305\1.3.9\jsr305-1.3.9.jar;C:\Users\Lenovo\.m2\repository\org\checkerframework\checker-compat-qual\2.0.0\checker-compat-qual-2.0.0.jar;C:\Users\Lenovo\.m2\repository\com\google\errorprone\error_prone_annotations\2.1.3\error_prone_annotations-2.1.3.jar;C:\Users\Lenovo\.m2\repository\com\google\j2objc\j2objc-annotations\1.1\j2objc-annotations-1.1.jar;C:\Users\Lenovo\.m2\repository\org\codehaus\mojo\animal-sniffer-annotations\1.14\animal-sniffer-annotations-1.14.jar;C:\Users\Lenovo\.m2\repository\com\squareup\okhttp3\okhttp\3.11.0\okhttp-3.11.0.jar;C:\Users\Lenovo\.m2\repository\com\squareup\okio\okio\1.14.0\okio-1.14.0.jar;C:\Users\Lenovo\.m2\repository\org\testng\testng\7.3.0\testng-7.3.0.jar;C:\Users\Lenovo\.m2\repository\com\beust\jcommander\1.78\jcommander-1.78.jar;C:\Users\Lenovo\.m2\repository\org\apache\ant\ant\1.10.3\ant-1.10.3.jar;C:\Users\Lenovo\.m2\repository\org\apache\ant\ant-launcher\1.10.3\ant-launcher-1.10.3.jar;C:\Users\Lenovo\.m2\repository\junit\junit\4.12\junit-4.12.jar;C:\Users\Lenovo\.m2\repository\org\hamcrest\hamcrest-core\1.3\hamcrest-core-1.3.jar;C:\Users\Lenovo\.m2\repository\com\google\inject\guice\4.2.2\guice-4.2.2-no_aop.jar;C:\Users\Lenovo\.m2\repository\javax\inject\javax.inject\1\javax.inject-1.jar;C:\Users\Lenovo\.m2\repository\aopalliance\aopalliance\1.0\aopalliance-1.0.jar;C:\Users\Lenovo\.m2\repository\org\yaml\snakeyaml\1.21\snakeyaml-1.21.jar;C:\Users\Lenovo\.m2\repository\commons-io\commons-io\2.4\commons-io-2.4.jar;C:\Users\Lenovo\.m2\repository\log4j\log4j\1.2.17\log4j-1.2.17.jar;C:\Users\Lenovo\.m2\repository\io\appium\java-client\7.3.0\java-client-7.3.0.jar;C:\Users\Lenovo\.m2\repository\com\google\code\gson\gson\2.8.5\gson-2.8.5.jar;C:\Users\Lenovo\.m2\repository\org\apache\httpcomponents\httpclient\4.5.9\httpclient-4.5.9.jar;C:\Users\Lenovo\.m2\repository\org\apache\httpcomponents\httpcore\4.4.11\httpcore-4.4.11.jar;C:\Users\Lenovo\.m2\repository\commons-logging\commons-logging\1.2\commons-logging-1.2.jar;C:\Users\Lenovo\.m2\repository\commons-codec\commons-codec\1.11\commons-codec-1.11.jar;C:\Users\Lenovo\.m2\repository\cglib\cglib\3.2.12\cglib-3.2.12.jar;C:\Users\Lenovo\.m2\repository\org\ow2\asm\asm\7.1\asm-7.1.jar;C:\Users\Lenovo\.m2\repository\commons-validator\commons-validator\1.6\commons-validator-1.6.jar;C:\Users\Lenovo\.m2\repository\commons-beanutils\commons-beanutils\1.9.2\commons-beanutils-1.9.2.jar;C:\Users\Lenovo\.m2\repository\commons-digester\commons-digester\1.8.1\commons-digester-1.8.1.jar;C:\Users\Lenovo\.m2\repository\commons-collections\commons-collections\3.2.2\commons-collections-3.2.2.jar;C:\Users\Lenovo\.m2\repository\org\springframework\spring-context\5.1.8.RELEASE\spring-context-5.1.8.RELEASE.jar;C:\Users\Lenovo\.m2\repository\org\springframework\spring-aop\5.1.8.RELEASE\spring-aop-5.1.8.RELEASE.jar;C:\Users\Lenovo\.m2\repository\org\springframework\spring-beans\5.1.8.RELEASE\spring-beans-5.1.8.RELEASE.jar;C:\Users\Lenovo\.m2\repository\org\springframework\spring-core\5.1.8.RELEASE\spring-core-5.1.8.RELEASE.jar;C:\Users\Lenovo\.m2\repository\org\springframework\spring-jcl\5.1.8.RELEASE\spring-jcl-5.1.8.RELEASE.jar;C:\Users\Lenovo\.m2\repository\org\springframework\spring-expression\5.1.8.RELEASE\spring-expression-5.1.8.RELEASE.jar;C:\Users\Lenovo\.m2\repository\org\aspectj\aspectjweaver\1.9.4\aspectjweaver-1.9.4.jar;C:\Users\Lenovo\.m2\repository\org\slf4j\slf4j-api\1.7.26\slf4j-api-1.7.26.jar;C:\Users\Lenovo\.m2\repository\org\apache\commons\commons-collections4\4.1\commons-collections4-4.1.jar;C:\Users\Lenovo\.m2\repository\org\apache\commons\commons-lang3\3.12.0\commons-lang3-3.12.0.jar;C:\Users\Lenovo\.m2\repository\org\seleniumhq\selenium\client-drivers\selenium-java-client-driver\1.0.2\selenium-java-client-driver-1.0.2.jar
Launcher Type: SUN_STANDARD

[Global flags]
     intx CICompilerCount                          = 2                                         {product} {ergonomic}
     uint ConcGCThreads                            = 1                                         {product} {ergonomic}
     uint G1ConcRefinementThreads                  = 2                                         {product} {ergonomic}
   size_t G1HeapRegionSize                         = 1048576                                   {product} {ergonomic}
    uintx GCDrainStackTargetSize                   = 64                                        {product} {ergonomic}
   size_t InitialHeapSize                          = 96468992                                  {product} {ergonomic}
   size_t MarkStackSize                            = 4194304                                   {product} {ergonomic}
   size_t MaxHeapSize                              = 268435456                                 {product} {command line}
   size_t MinHeapDeltaBytes                        = 1048576                                   {product} {ergonomic}
   size_t MinHeapSize                              = 8388608                                   {product} {ergonomic}
    uintx NonNMethodCodeHeapSize                   = 5826188                                {pd product} {ergonomic}
    uintx NonProfiledCodeHeapSize                  = 122916026                              {pd product} {ergonomic}
    uintx ProfiledCodeHeapSize                     = 122916026                              {pd product} {ergonomic}
    uintx ReservedCodeCacheSize                    = 251658240                              {pd product} {ergonomic}
     bool SegmentedCodeCache                       = true                                      {product} {ergonomic}
     bool ShowCodeDetailsInExceptionMessages       = true                                   {manageable} {command line}
   size_t SoftMaxHeapSize                          = 268435456                              {manageable} {ergonomic}
     bool UseCompressedClassPointers               = true                           {product lp64_product} {ergonomic}
     bool UseCompressedOops                        = true                           {product lp64_product} {ergonomic}
     bool UseG1GC                                  = true                                      {product} {ergonomic}
     bool UseLargePagesIndividualAllocation        = false                                  {pd product} {ergonomic}

Logging:
Log output configuration:
 #0: stdout all=warning uptime,level,tags foldmultilines=false
 #1: stderr all=off uptime,level,tags foldmultilines=false

Environment Variables:
JAVA_HOME=C:\Program Files\Java\jdk-19
_JAVA_OPTIONS=-Xmx256M
PATH=C:/Users/Lenovo/.p2/pool/plugins/org.eclipse.justj.openjdk.hotspot.jre.full.win32.x86_64_17.0.5.v20221102-0933/jre/bin/server;C:/Users/Lenovo/.p2/pool/plugins/org.eclipse.justj.openjdk.hotspot.jre.full.win32.x86_64_17.0.5.v20221102-0933/jre/bin;C:\Program Files\OpenJDK\jdk-8.0.362.09-hotspot\bin;C:\Program Files\Common Files\Oracle\Java\javapath;C:\Program Files (x86)\Common Files\Oracle\Java\javapath;C:\Windows\system32;C:\Windows;C:\Windows\System32\Wbem;C:\Windows\System32\WindowsPowerShell\v1.0\;C:\Windows\System32\OpenSSH\;C:\Program Files\Java\jdk-19\bin\bin;C:\Users\Lenovo\AppData\Local\Android\Sdk\platform-tools;C:\Users\Lenovo\AppData\Local\Android\Sdk\tools;C:\Users\Lenovo\AppData\Local\Android\Sdk\build-tools\bin;C:\Users\Lenovo\AppData\Local\Android\Sdk\tools\bin;C:\Program Files\Java\jdk-19\bin;JAVA_HOME%\lib;C:\Pogram Files\Android\Android Studio\bin;C:\Users\Lenovo\apache-maven-3.8.7\bin;C:\Program Files\Java\jdk-19\bin;C:\Users\Lenovo\AppData\Local\Microsoft\WindowsApps;C:\Program Files\Java\jdk-19\bin;C:\Users\Lenovo\AppData\Local\GitHubDesktop\bin;C:\Users\Lenovo\Desktop;
USERNAME=Lenovo
OS=Windows_NT
PROCESSOR_IDENTIFIER=Intel64 Family 6 Model 37 Stepping 5, GenuineIntel
TMP=C:\Users\Lenovo\AppData\Local\Temp
TEMP=C:\Users\Lenovo\AppData\Local\Temp



---------------  S Y S T E M  ---------------

OS:
 Windows 10 , 64 bit Build 19041 (10.0.19041.2788)
OS uptime: 3 days 2:11 hours

CPU: total 2 (initial active 2) (2 cores per cpu, 1 threads per core) family 6 model 37 stepping 5 microcode 0x7, cx8, cmov, fxsr, mmx, sse, sse2, sse3, ssse3, popcnt, tsc, tscinvbit, clflush, rdtscp

Memory: 4k page, system-wide physical 5876M (976M free)
TotalPageFile size 21266M (AvailPageFile size 6M)
current process WorkingSet (physical memory assigned to process): 10M, peak: 10M
current process commit charge ("private bytes"): 47M, peak: 139M

vm_info: Java HotSpot(TM) 64-Bit Server VM (19.0.1+10-21) for windows-amd64 JRE (19.0.1+10-21), built on 2022-09-14T12:45:06Z by "mach5one" with MS VC++ 17.1 (VS2022)

END.
