#
# There is insufficient memory for the Java Runtime Environment to continue.
# Native memory allocation (malloc) failed to allocate 149776 bytes for Chunk::new
# Possible reasons:
#   The system is out of physical RAM or swap space
#   The process is running with CompressedOops enabled, and the Java Heap may be blocking the growth of the native heap
# Possible solutions:
#   Reduce memory load on the system
#   Increase physical memory or swap space
#   Check if swap backing store is full
#   Decrease Java heap size (-Xmx/-Xms)
#   Decrease number of Java threads
#   Decrease Java thread stack sizes (-Xss)
#   Set larger code cache with -XX:ReservedCodeCacheSize=
#   JVM is running with Unscaled Compressed Oops mode in which the Java heap is
#     placed in the first 4GB address space. The Java Heap base address is the
#     maximum limit for the native heap growth. Please use -XX:HeapBaseMinAddress
#     to set the Java Heap base and to place the Java Heap above 4GB virtual address.
# This output file may be truncated or incomplete.
#
#  Out of Memory Error (arena.cpp:184), pid=2012, tid=11204
#
# JRE version: Java(TM) SE Runtime Environment (19.0.1+10) (build 19.0.1+10-21)
# Java VM: Java HotSpot(TM) 64-Bit Server VM (19.0.1+10-21, mixed mode, sharing, tiered, compressed oops, compressed class ptrs, g1 gc, windows-amd64)
# No core dump will be written. Minidumps are not enabled by default on client versions of Windows
#

---------------  S U M M A R Y ------------

Command Line: -ea -Dfile.encoding=windows-1252 -XX:+ShowCodeDetailsInExceptionMessages -Xmx256M org.testng.remote.RemoteTestNG -serport 53505 -protocol json -d D:\webAuto\test-output C:\Users\Lenovo\AppData\Local\Temp\testng-eclipse-491201236\testng-customsuite.xml

Host: Intel(R) Pentium(R) CPU        P6200  @ 2.13GHz, 2 cores, 5G,  Windows 10 , 64 bit Build 19041 (10.0.19041.2788)
Time: Mon Apr 24 18:23:40 2023 India Standard Time elapsed time: 2.799830 seconds (0d 0h 0m 2s)

---------------  T H R E A D  ---------------

Current thread (0x0000022ef49b3230):  JavaThread "C2 CompilerThread0" daemon [_thread_in_native, id=11204, stack(0x0000007a08e00000,0x0000007a08f00000)]


Current CompileTask:
C2:   2800  834 %     4       sun.security.provider.SHA::implCompress0 @ 27 (506 bytes)

Stack: [0x0000007a08e00000,0x0000007a08f00000]
Native frames: (J=compiled Java code, j=interpreted, Vv=VM code, C=native code)
V  [jvm.dll+0x6ee8fa]
V  [jvm.dll+0x857a1e]
V  [jvm.dll+0x85940e]
V  [jvm.dll+0x859ac3]
V  [jvm.dll+0x28291f]
V  [jvm.dll+0xc9b5f]
V  [jvm.dll+0xc9ee5]
V  [jvm.dll+0x2f7c6f]
V  [jvm.dll+0x5f0c5b]
V  [jvm.dll+0x2551fc]
V  [jvm.dll+0x24e097]
V  [jvm.dll+0x24b563]
V  [jvm.dll+0x1d6d61]
V  [jvm.dll+0x25b0fa]
V  [jvm.dll+0x259588]
V  [jvm.dll+0x807928]
V  [jvm.dll+0x8015fa]
V  [jvm.dll+0x6ed5eb]
C  [ucrtbase.dll+0x21bb2]
C  [KERNEL32.DLL+0x17604]
C  [ntdll.dll+0x526a1]


---------------  P R O C E S S  ---------------

Threads class SMR info:
_java_thread_list=0x0000022ef906f3f0, length=13, elements={
0x0000022ee81635b0, 0x0000022ee822b470, 0x0000022ee822cba0, 0x0000022ee822e4e0,
0x0000022ef49b1370, 0x0000022ef49b1ca0, 0x0000022ef49b25d0, 0x0000022ef49b3230,
0x0000022ef4a23d20, 0x0000022ef4a28c00, 0x0000022ef8c5e570, 0x0000022ef8c6c950,
0x0000022ef8ffcee0
}

Java Threads: ( => current thread )
  0x0000022ee81635b0 JavaThread "main" [_thread_in_native, id=9000, stack(0x0000007a08100000,0x0000007a08200000)]
  0x0000022ee822b470 JavaThread "Reference Handler" daemon [_thread_blocked, id=10392, stack(0x0000007a08800000,0x0000007a08900000)]
  0x0000022ee822cba0 JavaThread "Finalizer" daemon [_thread_blocked, id=2580, stack(0x0000007a08900000,0x0000007a08a00000)]
  0x0000022ee822e4e0 JavaThread "Signal Dispatcher" daemon [_thread_blocked, id=7236, stack(0x0000007a08a00000,0x0000007a08b00000)]
  0x0000022ef49b1370 JavaThread "Attach Listener" daemon [_thread_blocked, id=8584, stack(0x0000007a08b00000,0x0000007a08c00000)]
  0x0000022ef49b1ca0 JavaThread "Service Thread" daemon [_thread_blocked, id=11132, stack(0x0000007a08c00000,0x0000007a08d00000)]
  0x0000022ef49b25d0 JavaThread "Monitor Deflation Thread" daemon [_thread_blocked, id=8436, stack(0x0000007a08d00000,0x0000007a08e00000)]
=>0x0000022ef49b3230 JavaThread "C2 CompilerThread0" daemon [_thread_in_native, id=11204, stack(0x0000007a08e00000,0x0000007a08f00000)]
  0x0000022ef4a23d20 JavaThread "C1 CompilerThread0" daemon [_thread_in_vm, id=1888, stack(0x0000007a08f00000,0x0000007a09000000)]
  0x0000022ef4a28c00 JavaThread "Sweeper thread" daemon [_thread_blocked, id=5132, stack(0x0000007a09000000,0x0000007a09100000)]
  0x0000022ef8c5e570 JavaThread "Notification Thread" daemon [_thread_blocked, id=3308, stack(0x0000007a09100000,0x0000007a09200000)]
  0x0000022ef8c6c950 JavaThread "Common-Cleaner" daemon [_thread_blocked, id=7232, stack(0x0000007a09300000,0x0000007a09400000)]
  0x0000022ef8ffcee0 JavaThread "ReaderThread" [_thread_in_native, id=9008, stack(0x0000007a09600000,0x0000007a09700000)]

Other Threads:
  0x0000022ee82116f0 VMThread "VM Thread" [stack: 0x0000007a08700000,0x0000007a08800000] [id=5540]
  0x0000022ef8c64ae0 WatcherThread "VM Periodic Task Thread" [stack: 0x0000007a09200000,0x0000007a09300000] [id=3708]
  0x0000022ee818f740 WorkerThread "GC Thread#0" [stack: 0x0000007a08200000,0x0000007a08300000] [id=6952]
  0x0000022ef8e3d910 WorkerThread "GC Thread#1" [stack: 0x0000007a09400000,0x0000007a09500000] [id=9908]
  0x0000022ee81926a0 ConcurrentGCThread "G1 Main Marker" [stack: 0x0000007a08300000,0x0000007a08400000] [id=9496]
  0x0000022ee8193a10 WorkerThread "G1 Conc#0" [stack: 0x0000007a08400000,0x0000007a08500000] [id=10660]
  0x0000022ee81f3780 ConcurrentGCThread "G1 Refine#0" [stack: 0x0000007a08500000,0x0000007a08600000] [id=8184]
  0x0000022ee81f4c00 ConcurrentGCThread "G1 Service" [stack: 0x0000007a08600000,0x0000007a08700000] [id=8680]

Threads with active compile tasks:
C2 CompilerThread0     2871  834 %     4       sun.security.provider.SHA::implCompress0 @ 27 (506 bytes)

VM state: not at safepoint (normal execution)

VM Mutex/Monitor currently owned by a thread: None

Heap address: 0x00000000f0000000, size: 256 MB, Compressed Oops mode: 32-bit

CDS archive(s) mapped at: [0x0000000800000000-0x0000000800c40000-0x0000000800c40000), size 12845056, SharedBaseAddress: 0x0000000800000000, ArchiveRelocationMode: 0.
Compressed class space mapped at: 0x0000000801000000-0x0000000841000000, reserved size: 1073741824
Narrow klass base: 0x0000000800000000, Narrow klass shift: 0, Narrow klass range: 0x100000000

GC Precious Log:
 CardTable entry size: 512
 Card Set container configuration: InlinePtr #cards 5 size 8 Array Of Cards #cards 12 size 40 Howl #buckets 4 coarsen threshold 1843 Howl Bitmap #cards 512 size 80 coarsen threshold 460 Card regions per heap region 1 cards per card region 2048
 CPUs: 2 total, 2 available
 Memory: 5876M
 Large Page Support: Disabled
 NUMA Support: Disabled
 Compressed Oops: Enabled (32-bit)
 Heap Region Size: 1M
 Heap Min Capacity: 8M
 Heap Initial Capacity: 92M
 Heap Max Capacity: 256M
 Pre-touch: Disabled
 Parallel Workers: 2
 Concurrent Workers: 1
 Concurrent Refinement Workers: 2
 Periodic GC: Disabled

Heap:
 garbage-first heap   total 94208K, used 6114K [0x00000000f0000000, 0x0000000100000000)
  region size 1024K, 5 young (5120K), 1 survivors (1024K)
 Metaspace       used 4535K, committed 4672K, reserved 1114112K
  class space    used 453K, committed 512K, reserved 1048576K

Heap Regions: E=young(eden), S=young(survivor), O=old, HS=humongous(starts), HC=humongous(continues), CS=collection set, F=free, OA=open archive, CA=closed archive, TAMS=top-at-mark-start (previous, next)
|   0|0x00000000f0000000, 0x00000000f0100000, 0x00000000f0100000|100%| O|  |TAMS 0x00000000f0000000, 0x00000000f0000000| Untracked 
|   1|0x00000000f0100000, 0x00000000f01f8a00, 0x00000000f0200000| 97%| O|  |TAMS 0x00000000f0100000, 0x00000000f0100000| Untracked 
|   2|0x00000000f0200000, 0x00000000f0200000, 0x00000000f0300000|  0%| F|  |TAMS 0x00000000f0200000, 0x00000000f0200000| Untracked 
|   3|0x00000000f0300000, 0x00000000f0300000, 0x00000000f0400000|  0%| F|  |TAMS 0x00000000f0300000, 0x00000000f0300000| Untracked 
|   4|0x00000000f0400000, 0x00000000f0400000, 0x00000000f0500000|  0%| F|  |TAMS 0x00000000f0400000, 0x00000000f0400000| Untracked 
|   5|0x00000000f0500000, 0x00000000f0500000, 0x00000000f0600000|  0%| F|  |TAMS 0x00000000f0500000, 0x00000000f0500000| Untracked 
|   6|0x00000000f0600000, 0x00000000f0600000, 0x00000000f0700000|  0%| F|  |TAMS 0x00000000f0600000, 0x00000000f0600000| Untracked 
|   7|0x00000000f0700000, 0x00000000f0700000, 0x00000000f0800000|  0%| F|  |TAMS 0x00000000f0700000, 0x00000000f0700000| Untracked 
|   8|0x00000000f0800000, 0x00000000f0800000, 0x00000000f0900000|  0%| F|  |TAMS 0x00000000f0800000, 0x00000000f0800000| Untracked 
|   9|0x00000000f0900000, 0x00000000f0900000, 0x00000000f0a00000|  0%| F|  |TAMS 0x00000000f0900000, 0x00000000f0900000| Untracked 
|  10|0x00000000f0a00000, 0x00000000f0a00000, 0x00000000f0b00000|  0%| F|  |TAMS 0x00000000f0a00000, 0x00000000f0a00000| Untracked 
|  11|0x00000000f0b00000, 0x00000000f0b00000, 0x00000000f0c00000|  0%| F|  |TAMS 0x00000000f0b00000, 0x00000000f0b00000| Untracked 
|  12|0x00000000f0c00000, 0x00000000f0c00000, 0x00000000f0d00000|  0%| F|  |TAMS 0x00000000f0c00000, 0x00000000f0c00000| Untracked 
|  13|0x00000000f0d00000, 0x00000000f0d00000, 0x00000000f0e00000|  0%| F|  |TAMS 0x00000000f0d00000, 0x00000000f0d00000| Untracked 
|  14|0x00000000f0e00000, 0x00000000f0e00000, 0x00000000f0f00000|  0%| F|  |TAMS 0x00000000f0e00000, 0x00000000f0e00000| Untracked 
|  15|0x00000000f0f00000, 0x00000000f0f00000, 0x00000000f1000000|  0%| F|  |TAMS 0x00000000f0f00000, 0x00000000f0f00000| Untracked 
|  16|0x00000000f1000000, 0x00000000f1000000, 0x00000000f1100000|  0%| F|  |TAMS 0x00000000f1000000, 0x00000000f1000000| Untracked 
|  17|0x00000000f1100000, 0x00000000f1100000, 0x00000000f1200000|  0%| F|  |TAMS 0x00000000f1100000, 0x00000000f1100000| Untracked 
|  18|0x00000000f1200000, 0x00000000f1200000, 0x00000000f1300000|  0%| F|  |TAMS 0x00000000f1200000, 0x00000000f1200000| Untracked 
|  19|0x00000000f1300000, 0x00000000f1300000, 0x00000000f1400000|  0%| F|  |TAMS 0x00000000f1300000, 0x00000000f1300000| Untracked 
|  20|0x00000000f1400000, 0x00000000f1400000, 0x00000000f1500000|  0%| F|  |TAMS 0x00000000f1400000, 0x00000000f1400000| Untracked 
|  21|0x00000000f1500000, 0x00000000f1500000, 0x00000000f1600000|  0%| F|  |TAMS 0x00000000f1500000, 0x00000000f1500000| Untracked 
|  22|0x00000000f1600000, 0x00000000f1600000, 0x00000000f1700000|  0%| F|  |TAMS 0x00000000f1600000, 0x00000000f1600000| Untracked 
|  23|0x00000000f1700000, 0x00000000f1700000, 0x00000000f1800000|  0%| F|  |TAMS 0x00000000f1700000, 0x00000000f1700000| Untracked 
|  24|0x00000000f1800000, 0x00000000f1800000, 0x00000000f1900000|  0%| F|  |TAMS 0x00000000f1800000, 0x00000000f1800000| Untracked 
|  25|0x00000000f1900000, 0x00000000f1900000, 0x00000000f1a00000|  0%| F|  |TAMS 0x00000000f1900000, 0x00000000f1900000| Untracked 
|  26|0x00000000f1a00000, 0x00000000f1a00000, 0x00000000f1b00000|  0%| F|  |TAMS 0x00000000f1a00000, 0x00000000f1a00000| Untracked 
|  27|0x00000000f1b00000, 0x00000000f1b00000, 0x00000000f1c00000|  0%| F|  |TAMS 0x00000000f1b00000, 0x00000000f1b00000| Untracked 
|  28|0x00000000f1c00000, 0x00000000f1c00000, 0x00000000f1d00000|  0%| F|  |TAMS 0x00000000f1c00000, 0x00000000f1c00000| Untracked 
|  29|0x00000000f1d00000, 0x00000000f1d00000, 0x00000000f1e00000|  0%| F|  |TAMS 0x00000000f1d00000, 0x00000000f1d00000| Untracked 
|  30|0x00000000f1e00000, 0x00000000f1e00000, 0x00000000f1f00000|  0%| F|  |TAMS 0x00000000f1e00000, 0x00000000f1e00000| Untracked 
|  31|0x00000000f1f00000, 0x00000000f1f00000, 0x00000000f2000000|  0%| F|  |TAMS 0x00000000f1f00000, 0x00000000f1f00000| Untracked 
|  32|0x00000000f2000000, 0x00000000f2000000, 0x00000000f2100000|  0%| F|  |TAMS 0x00000000f2000000, 0x00000000f2000000| Untracked 
|  33|0x00000000f2100000, 0x00000000f2100000, 0x00000000f2200000|  0%| F|  |TAMS 0x00000000f2100000, 0x00000000f2100000| Untracked 
|  34|0x00000000f2200000, 0x00000000f2200000, 0x00000000f2300000|  0%| F|  |TAMS 0x00000000f2200000, 0x00000000f2200000| Untracked 
|  35|0x00000000f2300000, 0x00000000f2300000, 0x00000000f2400000|  0%| F|  |TAMS 0x00000000f2300000, 0x00000000f2300000| Untracked 
|  36|0x00000000f2400000, 0x00000000f2400000, 0x00000000f2500000|  0%| F|  |TAMS 0x00000000f2400000, 0x00000000f2400000| Untracked 
|  37|0x00000000f2500000, 0x00000000f2500000, 0x00000000f2600000|  0%| F|  |TAMS 0x00000000f2500000, 0x00000000f2500000| Untracked 
|  38|0x00000000f2600000, 0x00000000f2600000, 0x00000000f2700000|  0%| F|  |TAMS 0x00000000f2600000, 0x00000000f2600000| Untracked 
|  39|0x00000000f2700000, 0x00000000f2700000, 0x00000000f2800000|  0%| F|  |TAMS 0x00000000f2700000, 0x00000000f2700000| Untracked 
|  40|0x00000000f2800000, 0x00000000f2800000, 0x00000000f2900000|  0%| F|  |TAMS 0x00000000f2800000, 0x00000000f2800000| Untracked 
|  41|0x00000000f2900000, 0x00000000f2900000, 0x00000000f2a00000|  0%| F|  |TAMS 0x00000000f2900000, 0x00000000f2900000| Untracked 
|  42|0x00000000f2a00000, 0x00000000f2a00000, 0x00000000f2b00000|  0%| F|  |TAMS 0x00000000f2a00000, 0x00000000f2a00000| Untracked 
|  43|0x00000000f2b00000, 0x00000000f2b00000, 0x00000000f2c00000|  0%| F|  |TAMS 0x00000000f2b00000, 0x00000000f2b00000| Untracked 
|  44|0x00000000f2c00000, 0x00000000f2c00000, 0x00000000f2d00000|  0%| F|  |TAMS 0x00000000f2c00000, 0x00000000f2c00000| Untracked 
|  45|0x00000000f2d00000, 0x00000000f2d00000, 0x00000000f2e00000|  0%| F|  |TAMS 0x00000000f2d00000, 0x00000000f2d00000| Untracked 
|  46|0x00000000f2e00000, 0x00000000f2e00000, 0x00000000f2f00000|  0%| F|  |TAMS 0x00000000f2e00000, 0x00000000f2e00000| Untracked 
|  47|0x00000000f2f00000, 0x00000000f2f00000, 0x00000000f3000000|  0%| F|  |TAMS 0x00000000f2f00000, 0x00000000f2f00000| Untracked 
|  48|0x00000000f3000000, 0x00000000f3000000, 0x00000000f3100000|  0%| F|  |TAMS 0x00000000f3000000, 0x00000000f3000000| Untracked 
|  49|0x00000000f3100000, 0x00000000f3100000, 0x00000000f3200000|  0%| F|  |TAMS 0x00000000f3100000, 0x00000000f3100000| Untracked 
|  50|0x00000000f3200000, 0x00000000f3200000, 0x00000000f3300000|  0%| F|  |TAMS 0x00000000f3200000, 0x00000000f3200000| Untracked 
|  51|0x00000000f3300000, 0x00000000f3300000, 0x00000000f3400000|  0%| F|  |TAMS 0x00000000f3300000, 0x00000000f3300000| Untracked 
|  52|0x00000000f3400000, 0x00000000f3400000, 0x00000000f3500000|  0%| F|  |TAMS 0x00000000f3400000, 0x00000000f3400000| Untracked 
|  53|0x00000000f3500000, 0x00000000f3500000, 0x00000000f3600000|  0%| F|  |TAMS 0x00000000f3500000, 0x00000000f3500000| Untracked 
|  54|0x00000000f3600000, 0x00000000f3600000, 0x00000000f3700000|  0%| F|  |TAMS 0x00000000f3600000, 0x00000000f3600000| Untracked 
|  55|0x00000000f3700000, 0x00000000f3700000, 0x00000000f3800000|  0%| F|  |TAMS 0x00000000f3700000, 0x00000000f3700000| Untracked 
|  56|0x00000000f3800000, 0x00000000f3800000, 0x00000000f3900000|  0%| F|  |TAMS 0x00000000f3800000, 0x00000000f3800000| Untracked 
|  57|0x00000000f3900000, 0x00000000f3900000, 0x00000000f3a00000|  0%| F|  |TAMS 0x00000000f3900000, 0x00000000f3900000| Untracked 
|  58|0x00000000f3a00000, 0x00000000f3a00000, 0x00000000f3b00000|  0%| F|  |TAMS 0x00000000f3a00000, 0x00000000f3a00000| Untracked 
|  59|0x00000000f3b00000, 0x00000000f3b00000, 0x00000000f3c00000|  0%| F|  |TAMS 0x00000000f3b00000, 0x00000000f3b00000| Untracked 
|  60|0x00000000f3c00000, 0x00000000f3c00000, 0x00000000f3d00000|  0%| F|  |TAMS 0x00000000f3c00000, 0x00000000f3c00000| Untracked 
|  61|0x00000000f3d00000, 0x00000000f3d00000, 0x00000000f3e00000|  0%| F|  |TAMS 0x00000000f3d00000, 0x00000000f3d00000| Untracked 
|  62|0x00000000f3e00000, 0x00000000f3e00000, 0x00000000f3f00000|  0%| F|  |TAMS 0x00000000f3e00000, 0x00000000f3e00000| Untracked 
|  63|0x00000000f3f00000, 0x00000000f3f00000, 0x00000000f4000000|  0%| F|  |TAMS 0x00000000f3f00000, 0x00000000f3f00000| Untracked 
|  64|0x00000000f4000000, 0x00000000f4000000, 0x00000000f4100000|  0%| F|  |TAMS 0x00000000f4000000, 0x00000000f4000000| Untracked 
|  65|0x00000000f4100000, 0x00000000f4100000, 0x00000000f4200000|  0%| F|  |TAMS 0x00000000f4100000, 0x00000000f4100000| Untracked 
|  66|0x00000000f4200000, 0x00000000f4200000, 0x00000000f4300000|  0%| F|  |TAMS 0x00000000f4200000, 0x00000000f4200000| Untracked 
|  67|0x00000000f4300000, 0x00000000f4300000, 0x00000000f4400000|  0%| F|  |TAMS 0x00000000f4300000, 0x00000000f4300000| Untracked 
|  68|0x00000000f4400000, 0x00000000f4400000, 0x00000000f4500000|  0%| F|  |TAMS 0x00000000f4400000, 0x00000000f4400000| Untracked 
|  69|0x00000000f4500000, 0x00000000f4500000, 0x00000000f4600000|  0%| F|  |TAMS 0x00000000f4500000, 0x00000000f4500000| Untracked 
|  70|0x00000000f4600000, 0x00000000f4600000, 0x00000000f4700000|  0%| F|  |TAMS 0x00000000f4600000, 0x00000000f4600000| Untracked 
|  71|0x00000000f4700000, 0x00000000f4700000, 0x00000000f4800000|  0%| F|  |TAMS 0x00000000f4700000, 0x00000000f4700000| Untracked 
|  72|0x00000000f4800000, 0x00000000f4800000, 0x00000000f4900000|  0%| F|  |TAMS 0x00000000f4800000, 0x00000000f4800000| Untracked 
|  73|0x00000000f4900000, 0x00000000f4900000, 0x00000000f4a00000|  0%| F|  |TAMS 0x00000000f4900000, 0x00000000f4900000| Untracked 
|  74|0x00000000f4a00000, 0x00000000f4a00000, 0x00000000f4b00000|  0%| F|  |TAMS 0x00000000f4a00000, 0x00000000f4a00000| Untracked 
|  75|0x00000000f4b00000, 0x00000000f4b00000, 0x00000000f4c00000|  0%| F|  |TAMS 0x00000000f4b00000, 0x00000000f4b00000| Untracked 
|  76|0x00000000f4c00000, 0x00000000f4c00000, 0x00000000f4d00000|  0%| F|  |TAMS 0x00000000f4c00000, 0x00000000f4c00000| Untracked 
|  77|0x00000000f4d00000, 0x00000000f4d00000, 0x00000000f4e00000|  0%| F|  |TAMS 0x00000000f4d00000, 0x00000000f4d00000| Untracked 
|  78|0x00000000f4e00000, 0x00000000f4e00000, 0x00000000f4f00000|  0%| F|  |TAMS 0x00000000f4e00000, 0x00000000f4e00000| Untracked 
|  79|0x00000000f4f00000, 0x00000000f4f00000, 0x00000000f5000000|  0%| F|  |TAMS 0x00000000f4f00000, 0x00000000f4f00000| Untracked 
|  80|0x00000000f5000000, 0x00000000f5000000, 0x00000000f5100000|  0%| F|  |TAMS 0x00000000f5000000, 0x00000000f5000000| Untracked 
|  81|0x00000000f5100000, 0x00000000f5100000, 0x00000000f5200000|  0%| F|  |TAMS 0x00000000f5100000, 0x00000000f5100000| Untracked 
|  82|0x00000000f5200000, 0x00000000f5200000, 0x00000000f5300000|  0%| F|  |TAMS 0x00000000f5200000, 0x00000000f5200000| Untracked 
|  83|0x00000000f5300000, 0x00000000f5300000, 0x00000000f5400000|  0%| F|  |TAMS 0x00000000f5300000, 0x00000000f5300000| Untracked 
|  84|0x00000000f5400000, 0x00000000f5400000, 0x00000000f5500000|  0%| F|  |TAMS 0x00000000f5400000, 0x00000000f5400000| Untracked 
|  85|0x00000000f5500000, 0x00000000f5600000, 0x00000000f5600000|100%| S|CS|TAMS 0x00000000f5500000, 0x00000000f5500000| Complete 
|  86|0x00000000f5600000, 0x00000000f5600000, 0x00000000f5700000|  0%| F|  |TAMS 0x00000000f5600000, 0x00000000f5600000| Untracked 
|  87|0x00000000f5700000, 0x00000000f5700000, 0x00000000f5800000|  0%| F|  |TAMS 0x00000000f5700000, 0x00000000f5700000| Untracked 
|  88|0x00000000f5800000, 0x00000000f5866098, 0x00000000f5900000| 39%| E|  |TAMS 0x00000000f5800000, 0x00000000f5800000| Complete 
|  89|0x00000000f5900000, 0x00000000f5a00000, 0x00000000f5a00000|100%| E|CS|TAMS 0x00000000f5900000, 0x00000000f5900000| Complete 
|  90|0x00000000f5a00000, 0x00000000f5b00000, 0x00000000f5b00000|100%| E|CS|TAMS 0x00000000f5a00000, 0x00000000f5a00000| Complete 
|  91|0x00000000f5b00000, 0x00000000f5c00000, 0x00000000f5c00000|100%| E|CS|TAMS 0x00000000f5b00000, 0x00000000f5b00000| Complete 

Card table byte_map: [0x0000022ef1d70000,0x0000022ef1df0000] _byte_map_base: 0x0000022ef15f0000

Marking Bits (Prev, Next): (CMBitMap*) 0x0000022ee818fd70, (CMBitMap*) 0x0000022ee818fdb0
 Prev Bits: [0x0000022ef1e70000, 0x0000022ef2270000)
 Next Bits: [0x0000022ef2270000, 0x0000022ef2670000)

Polling page: 0x0000022ee7f40000

Metaspace:

Usage:
  Non-class:      3.99 MB used.
      Class:    457.09 KB used.
       Both:      4.44 MB used.

Virtual space:
  Non-class space:       64.00 MB reserved,       4.06 MB (  6%) committed,  1 nodes.
      Class space:        1.00 GB reserved,     512.00 KB ( <1%) committed,  1 nodes.
             Both:        1.06 GB reserved,       4.56 MB ( <1%) committed. 

Chunk freelists:
   Non-Class:  3.19 MB
       Class:  3.50 MB
        Both:  6.69 MB

MaxMetaspaceSize: unlimited
CompressedClassSpaceSize: 1.00 GB
Initial GC threshold: 21.00 MB
Current GC threshold: 21.00 MB
CDS: on
MetaspaceReclaimPolicy: balanced
 - commit_granule_bytes: 65536.
 - commit_granule_words: 8192.
 - virtual_space_node_default_size: 8388608.
 - enlarge_chunks_in_place: 1.
 - new_chunks_are_fully_committed: 0.
 - uncommit_free_chunks: 1.
 - use_allocation_guard: 0.


Internal statistics:

num_allocs_failed_limit: 0.
num_arena_births: 90.
num_arena_deaths: 0.
num_vsnodes_births: 2.
num_vsnodes_deaths: 0.
num_space_committed: 74.
num_space_uncommitted: 0.
num_chunks_returned_to_freelist: 0.
num_chunks_taken_from_freelist: 141.
num_chunk_merges: 0.
num_chunk_splits: 91.
num_chunks_enlarged: 64.
num_inconsistent_stats: 0.

CodeHeap 'non-profiled nmethods': size=120064Kb used=245Kb max_used=245Kb free=119819Kb
 bounds [0x0000022e87ac0000, 0x0000022e87d30000, 0x0000022e8f000000]
CodeHeap 'profiled nmethods': size=120000Kb used=1427Kb max_used=1427Kb free=118572Kb
 bounds [0x0000022e80000000, 0x0000022e80270000, 0x0000022e87530000]
CodeHeap 'non-nmethods': size=5696Kb used=1235Kb max_used=1250Kb free=4460Kb
 bounds [0x0000022e87530000, 0x0000022e877a0000, 0x0000022e87ac0000]
 total_blobs=1298 nmethods=852 adapters=358
 compilation: enabled
              stopped_count=0, restarted_count=0
 full_count=0

Compilation events (20 events):
Event: 2.772 Thread 0x0000022ef49b3230 nmethod 819 0x0000022e87afbb10 code [0x0000022e87afbcc0, 0x0000022e87afbf48]
Event: 2.772 Thread 0x0000022ef49b3230  820       4       java.lang.invoke.VarHandleByteArrayAsInts$ArrayHandle::get (36 bytes)
Event: 2.773 Thread 0x0000022ef4a23d20 nmethod 825 0x0000022e80153190 code [0x0000022e801533e0, 0x0000022e80153b58]
Event: 2.775 Thread 0x0000022ef4a23d20  826       3       java.nio.charset.CharsetEncoder::<init> (16 bytes)
Event: 2.775 Thread 0x0000022ef4a23d20 nmethod 826 0x0000022e80153f90 code [0x0000022e80154140, 0x0000022e80154328]
Event: 2.776 Thread 0x0000022ef49b3230 nmethod 820 0x0000022e87afc290 code [0x0000022e87afc420, 0x0000022e87afc558]
Event: 2.776 Thread 0x0000022ef4a23d20  827       3       sun.nio.fs.WindowsFileAttributes::<init> (57 bytes)
Event: 2.777 Thread 0x0000022ef4a23d20 nmethod 827 0x0000022e80154410 code [0x0000022e801545c0, 0x0000022e80154758]
Event: 2.777 Thread 0x0000022ef4a23d20  828       3       sun.security.provider.ByteArrayAccess::b2iBig64 (231 bytes)
Event: 2.780 Thread 0x0000022ef49b3230  834 %     4       sun.security.provider.SHA::implCompress0 @ 27 (506 bytes)
Event: 2.792 Thread 0x0000022ef4a23d20 nmethod 828 0x0000022e80154890 code [0x0000022e80155100, 0x0000022e80159c78]
Event: 2.792 Thread 0x0000022ef4a23d20  830       3       sun.nio.fs.WindowsPath$WindowsPathWithAttributes::<init> (23 bytes)
Event: 2.793 Thread 0x0000022ef4a23d20 nmethod 830 0x0000022e8015b110 code [0x0000022e8015b300, 0x0000022e8015b958]
Event: 2.793 Thread 0x0000022ef4a23d20  831  s    3       sun.nio.fs.WindowsDirectoryStream$WindowsDirectoryIterator::next (48 bytes)
Event: 2.795 Thread 0x0000022ef4a23d20 nmethod 831 0x0000022e8015bb10 code [0x0000022e8015bce0, 0x0000022e8015c098]
Event: 2.795 Thread 0x0000022ef4a23d20  829       1       java.util.concurrent.atomic.AtomicLong::get (5 bytes)
Event: 2.795 Thread 0x0000022ef4a23d20 nmethod 829 0x0000022e87afc710 code [0x0000022e87afc8a0, 0x0000022e87afc978]
Event: 2.795 Thread 0x0000022ef4a23d20  832       3       sun.security.provider.SHA::implCompress (13 bytes)
Event: 2.796 Thread 0x0000022ef4a23d20 nmethod 832 0x0000022e8015c190 code [0x0000022e8015c380, 0x0000022e8015c7c8]
Event: 2.796 Thread 0x0000022ef4a23d20  833       3       sun.security.provider.SHA::implCompressCheck (18 bytes)

GC Heap History (2 events):
Event: 1.411 GC heap before
{Heap before GC invocations=0 (full 0):
 garbage-first heap   total 94208K, used 5120K [0x00000000f0000000, 0x0000000100000000)
  region size 1024K, 6 young (6144K), 0 survivors (0K)
 Metaspace       used 1738K, committed 1920K, reserved 1114112K
  class space    used 150K, committed 256K, reserved 1048576K
}
Event: 1.432 GC heap after
{Heap after GC invocations=1 (full 0):
 garbage-first heap   total 94208K, used 3042K [0x00000000f0000000, 0x0000000100000000)
  region size 1024K, 1 young (1024K), 1 survivors (1024K)
 Metaspace       used 1738K, committed 1920K, reserved 1114112K
  class space    used 150K, committed 256K, reserved 1048576K
}

Dll operation events (7 events):
Event: 0.016 Loaded shared library C:\Program Files\Java\jdk-19\bin\java.dll
Event: 0.036 Loaded shared library C:\Program Files\Java\jdk-19\bin\jsvml.dll
Event: 0.332 Loaded shared library C:\Program Files\Java\jdk-19\bin\net.dll
Event: 0.345 Loaded shared library C:\Program Files\Java\jdk-19\bin\nio.dll
Event: 0.366 Loaded shared library C:\Program Files\Java\jdk-19\bin\zip.dll
Event: 1.056 Loaded shared library C:\Program Files\Java\jdk-19\bin\jimage.dll
Event: 1.882 Loaded shared library C:\Program Files\Java\jdk-19\bin\extnet.dll

Deoptimization events (20 events):
Event: 0.314 Thread 0x0000022ee81635b0 DEOPT PACKING pc=0x0000022e87ac16c4 sp=0x0000007a081fee50
Event: 0.314 Thread 0x0000022ee81635b0 DEOPT UNPACKING pc=0x0000022e87596d9d sp=0x0000007a081fed90 mode 2
Event: 0.513 Thread 0x0000022ee81635b0 DEOPT PACKING pc=0x0000022e800196e7 sp=0x0000007a081fd550
Event: 0.513 Thread 0x0000022ee81635b0 DEOPT UNPACKING pc=0x0000022e87597524 sp=0x0000007a081fc970 mode 0
Event: 0.569 Thread 0x0000022ee81635b0 DEOPT PACKING pc=0x0000022e800196e7 sp=0x0000007a081fdf00
Event: 0.569 Thread 0x0000022ee81635b0 DEOPT UNPACKING pc=0x0000022e87597524 sp=0x0000007a081fd338 mode 0
Event: 0.615 Thread 0x0000022ee81635b0 DEOPT PACKING pc=0x0000022e80007951 sp=0x0000007a081fd9f0
Event: 0.615 Thread 0x0000022ee81635b0 DEOPT UNPACKING pc=0x0000022e87597524 sp=0x0000007a081fce68 mode 0
Event: 1.119 Thread 0x0000022ee81635b0 Uncommon trap: trap_request=0xffffff45 fr.pc=0x0000022e87ac7d14 relative=0x0000000000000174
Event: 1.119 Thread 0x0000022ee81635b0 Uncommon trap: reason=unstable_if action=reinterpret pc=0x0000022e87ac7d14 method=java.util.zip.ZipFile$Source.isMetaName([BII)Z @ 43 c2
Event: 1.119 Thread 0x0000022ee81635b0 DEOPT PACKING pc=0x0000022e87ac7d14 sp=0x0000007a081fe360
Event: 1.119 Thread 0x0000022ee81635b0 DEOPT UNPACKING pc=0x0000022e87596d9d sp=0x0000007a081fe308 mode 2
Event: 1.211 Thread 0x0000022ee81635b0 Uncommon trap: trap_request=0xffffff45 fr.pc=0x0000022e87ae1304 relative=0x0000000000000064
Event: 1.211 Thread 0x0000022ee81635b0 Uncommon trap: reason=unstable_if action=reinterpret pc=0x0000022e87ae1304 method=java.io.WinNTFileSystem.isSlash(C)Z @ 9 c2
Event: 1.211 Thread 0x0000022ee81635b0 DEOPT PACKING pc=0x0000022e87ae1304 sp=0x0000007a081fea40
Event: 1.211 Thread 0x0000022ee81635b0 DEOPT UNPACKING pc=0x0000022e87596d9d sp=0x0000007a081fe9c8 mode 2
Event: 2.519 Thread 0x0000022ee81635b0 Uncommon trap: trap_request=0xffffff45 fr.pc=0x0000022e87add024 relative=0x0000000000000204
Event: 2.519 Thread 0x0000022ee81635b0 Uncommon trap: reason=unstable_if action=reinterpret pc=0x0000022e87add024 method=java.lang.String.startsWith(Ljava/lang/String;I)Z @ 1 c2
Event: 2.519 Thread 0x0000022ee81635b0 DEOPT PACKING pc=0x0000022e87add024 sp=0x0000007a081fc8f0
Event: 2.519 Thread 0x0000022ee81635b0 DEOPT UNPACKING pc=0x0000022e87596d9d sp=0x0000007a081fc858 mode 2

Classes loaded (20 events):
Event: 2.615 Loading class java/lang/constant/DynamicConstantDesc done
Event: 2.615 Loading class java/lang/constant/PrimitiveClassDescImpl done
Event: 2.616 Loading class java/lang/constant/DynamicConstantDesc$AnonymousDynamicConstantDesc
Event: 2.616 Loading class java/lang/constant/DynamicConstantDesc$AnonymousDynamicConstantDesc done
Event: 2.666 Loading class java/net/NetworkInterface$1
Event: 2.666 Loading class java/net/NetworkInterface$1 done
Event: 2.706 Loading class java/nio/file/Files$AcceptAllFilter
Event: 2.707 Loading class java/nio/file/DirectoryStream$Filter
Event: 2.707 Loading class java/nio/file/DirectoryStream$Filter done
Event: 2.707 Loading class java/nio/file/Files$AcceptAllFilter done
Event: 2.707 Loading class sun/nio/fs/WindowsDirectoryStream
Event: 2.708 Loading class java/nio/file/DirectoryStream
Event: 2.708 Loading class java/nio/file/DirectoryStream done
Event: 2.708 Loading class sun/nio/fs/WindowsDirectoryStream done
Event: 2.709 Loading class sun/nio/fs/WindowsDirectoryStream$WindowsDirectoryIterator
Event: 2.709 Loading class sun/nio/fs/WindowsDirectoryStream$WindowsDirectoryIterator done
Event: 2.710 Loading class sun/nio/fs/WindowsPath$WindowsPathWithAttributes
Event: 2.710 Loading class sun/nio/fs/BasicFileAttributesHolder
Event: 2.710 Loading class sun/nio/fs/BasicFileAttributesHolder done
Event: 2.711 Loading class sun/nio/fs/WindowsPath$WindowsPathWithAttributes done

Classes unloaded (0 events):
No events

Classes redefined (0 events):
No events

Internal exceptions (8 events):
Event: 0.912 Thread 0x0000022ee81635b0 Exception <a 'java/lang/NoSuchMethodError'{0x00000000f5885f48}: 'int java.lang.invoke.DirectMethodHandle$Holder.invokeSpecial(java.lang.Object, java.lang.Object, java.lang.Object)'> (0x00000000f5885f48) 
thrown [s\open\src\hotspot\share\interpreter\linkResolver.cpp, line 774]
Event: 0.917 Thread 0x0000022ee81635b0 Exception <a 'java/lang/NoSuchMethodError'{0x00000000f5890e08}: 'void java.lang.invoke.DelegatingMethodHandle$Holder.reinvoke_L(java.lang.Object, java.lang.Object, int)'> (0x00000000f5890e08) 
thrown [s\open\src\hotspot\share\interpreter\linkResolver.cpp, line 774]
Event: 0.943 Thread 0x0000022ee81635b0 Exception <a 'java/lang/NoSuchMethodError'{0x00000000f5897c70}: 'int java.lang.invoke.Invokers$Holder.invokeExact_MT(java.lang.Object, java.lang.Object, java.lang.Object)'> (0x00000000f5897c70) 
thrown [s\open\src\hotspot\share\interpreter\linkResolver.cpp, line 774]
Event: 1.005 Thread 0x0000022ee81635b0 Exception <a 'java/lang/NoSuchMethodError'{0x00000000f58a8ff0}: 'void java.lang.invoke.Invokers$Holder.invokeExact_MT(java.lang.Object, java.lang.Object, java.lang.Object, java.lang.Object)'> (0x00000000f58a8ff0) 
thrown [s\open\src\hotspot\share\interpreter\linkResolver.cpp, line 774]
Event: 1.444 Thread 0x0000022ee81635b0 Exception <a 'java/lang/NoSuchMethodError'{0x00000000f5b24ef8}: 'int java.lang.invoke.DirectMethodHandle$Holder.invokeStaticInit(java.lang.Object, java.lang.Object)'> (0x00000000f5b24ef8) 
thrown [s\open\src\hotspot\share\interpreter\linkResolver.cpp, line 774]
Event: 1.891 Thread 0x0000022ee81635b0 Exception <a 'java/lang/NoSuchMethodError'{0x00000000f5badc98}: 'void java.lang.invoke.DirectMethodHandle$Holder.invokeStatic(java.lang.Object, java.lang.Object)'> (0x00000000f5badc98) 
thrown [s\open\src\hotspot\share\interpreter\linkResolver.cpp, line 774]
Event: 2.361 Thread 0x0000022ee81635b0 Exception <a 'java/lang/ClassNotFoundException'{0x00000000f5a6ede8}: com/sun/org/apache/xerces/internal/impl/msg/spi/SAXMessagesProvider> (0x00000000f5a6ede8) 
thrown [s\open\src\hotspot\share\classfile\systemDictionary.cpp, line 255]
Event: 2.575 Thread 0x0000022ee81635b0 Exception <a 'java/lang/NoSuchMethodError'{0x00000000f5930278}: 'java.lang.Object java.lang.invoke.DirectMethodHandle$Holder.invokeStaticInit(java.lang.Object, int, int, int, int)'> (0x00000000f5930278) 
thrown [s\open\src\hotspot\share\interpreter\linkResolver.cpp, line 774]

VM Operations (18 events):
Event: 0.368 Executing VM operation: HandshakeAllThreads
Event: 0.368 Executing VM operation: HandshakeAllThreads done
Event: 1.039 Executing VM operation: HandshakeAllThreads
Event: 1.039 Executing VM operation: HandshakeAllThreads done
Event: 1.210 Executing VM operation: HandshakeAllThreads
Event: 1.210 Executing VM operation: HandshakeAllThreads done
Event: 1.210 Executing VM operation: Cleanup
Event: 1.210 Executing VM operation: Cleanup done
Event: 1.411 Executing VM operation: G1CollectForAllocation
Event: 1.433 Executing VM operation: G1CollectForAllocation done
Event: 1.675 Executing VM operation: HandshakeAllThreads
Event: 1.675 Executing VM operation: HandshakeAllThreads done
Event: 1.758 Executing VM operation: HandshakeAllThreads
Event: 1.758 Executing VM operation: HandshakeAllThreads done
Event: 2.511 Executing VM operation: HandshakeAllThreads
Event: 2.512 Executing VM operation: HandshakeAllThreads done
Event: 2.512 Executing VM operation: Cleanup
Event: 2.512 Executing VM operation: Cleanup done

Events (13 events):
Event: 0.037 Thread 0x0000022ee81635b0 Thread added: 0x0000022ee81635b0
Event: 0.078 Thread 0x0000022ee822b470 Thread added: 0x0000022ee822b470
Event: 0.078 Thread 0x0000022ee822cba0 Thread added: 0x0000022ee822cba0
Event: 0.079 Thread 0x0000022ee822e4e0 Thread added: 0x0000022ee822e4e0
Event: 0.079 Thread 0x0000022ef49b1370 Thread added: 0x0000022ef49b1370
Event: 0.079 Thread 0x0000022ef49b1ca0 Thread added: 0x0000022ef49b1ca0
Event: 0.079 Thread 0x0000022ef49b25d0 Thread added: 0x0000022ef49b25d0
Event: 0.079 Thread 0x0000022ef49b3230 Thread added: 0x0000022ef49b3230
Event: 0.098 Thread 0x0000022ef4a23d20 Thread added: 0x0000022ef4a23d20
Event: 0.100 Thread 0x0000022ef4a28c00 Thread added: 0x0000022ef4a28c00
Event: 0.308 Thread 0x0000022ef8c5e570 Thread added: 0x0000022ef8c5e570
Event: 0.322 Thread 0x0000022ef8c6c950 Thread added: 0x0000022ef8c6c950
Event: 1.959 Thread 0x0000022ef8ffcee0 Thread added: 0x0000022ef8ffcee0


Dynamic libraries:
0x00007ff6c6090000 - 0x00007ff6c60a0000 	C:\Program Files\Java\jdk-19\bin\javaw.exe
0x00007ff9c2230000 - 0x00007ff9c2428000 	C:\Windows\SYSTEM32\ntdll.dll
0x00007ff9c0290000 - 0x00007ff9c034f000 	C:\Windows\System32\KERNEL32.DLL
0x00007ff9bf9a0000 - 0x00007ff9bfc7a000 	C:\Windows\System32\KERNELBASE.dll
0x00007ff9bfde0000 - 0x00007ff9bfee0000 	C:\Windows\System32\ucrtbase.dll
0x00007ff9b9aa0000 - 0x00007ff9b9ab8000 	C:\Program Files\Java\jdk-19\bin\jli.dll
0x00007ff9c2140000 - 0x00007ff9c21ee000 	C:\Windows\System32\ADVAPI32.dll
0x00007ff9c1ba0000 - 0x00007ff9c1c3e000 	C:\Windows\System32\msvcrt.dll
0x00007ff9c1c40000 - 0x00007ff9c1cdc000 	C:\Windows\System32\sechost.dll
0x00007ff9c1990000 - 0x00007ff9c1ab6000 	C:\Windows\System32\RPCRT4.dll
0x00007ff9c0350000 - 0x00007ff9c04ed000 	C:\Windows\System32\USER32.dll
0x00007ff9bf970000 - 0x00007ff9bf992000 	C:\Windows\System32\win32u.dll
0x00007ff9c2110000 - 0x00007ff9c213b000 	C:\Windows\System32\GDI32.dll
0x00007ff9c00e0000 - 0x00007ff9c01f0000 	C:\Windows\System32\gdi32full.dll
0x00007ff9c01f0000 - 0x00007ff9c028d000 	C:\Windows\System32\msvcp_win.dll
0x00007ff9adbf0000 - 0x00007ff9adc0b000 	C:\Program Files\Java\jdk-19\bin\VCRUNTIME140.dll
0x00007ff9af090000 - 0x00007ff9af32a000 	C:\Windows\WinSxS\amd64_microsoft.windows.common-controls_6595b64144ccf1df_6.0.19041.1110_none_60b5254171f9507e\COMCTL32.dll
0x00007ff9b1430000 - 0x00007ff9b143a000 	C:\Windows\SYSTEM32\VERSION.dll
0x00007ff9c13f0000 - 0x00007ff9c1420000 	C:\Windows\System32\IMM32.DLL
0x00007ff9bb470000 - 0x00007ff9bb47c000 	C:\Program Files\Java\jdk-19\bin\vcruntime140_1.dll
0x00007ff9ac980000 - 0x00007ff9aca0e000 	C:\Program Files\Java\jdk-19\bin\msvcp140.dll
0x00007ff98cbc0000 - 0x00007ff98d880000 	C:\Program Files\Java\jdk-19\bin\server\jvm.dll
0x00007ff9bae00000 - 0x00007ff9bae09000 	C:\Windows\SYSTEM32\WSOCK32.dll
0x00007ff9c2070000 - 0x00007ff9c20db000 	C:\Windows\System32\WS2_32.dll
0x00007ff9aeff0000 - 0x00007ff9af017000 	C:\Windows\SYSTEM32\WINMM.dll
0x00007ff9bd800000 - 0x00007ff9bd812000 	C:\Windows\SYSTEM32\kernel.appcore.dll
0x00007ff9bb3b0000 - 0x00007ff9bb3ba000 	C:\Program Files\Java\jdk-19\bin\jimage.dll
0x00007ff9b0030000 - 0x00007ff9b0214000 	C:\Windows\SYSTEM32\DBGHELP.DLL
0x00007ff9aff10000 - 0x00007ff9aff44000 	C:\Windows\SYSTEM32\dbgcore.DLL
0x00007ff9bff30000 - 0x00007ff9bffb2000 	C:\Windows\System32\bcryptPrimitives.dll
0x00007ff9acab0000 - 0x00007ff9acad6000 	C:\Program Files\Java\jdk-19\bin\java.dll
0x00007ff9ac2e0000 - 0x00007ff9ac3b7000 	C:\Program Files\Java\jdk-19\bin\jsvml.dll
0x00007ff9c04f0000 - 0x00007ff9c0c34000 	C:\Windows\System32\SHELL32.dll
0x00007ff9bda00000 - 0x00007ff9be193000 	C:\Windows\SYSTEM32\windows.storage.dll
0x00007ff9c1630000 - 0x00007ff9c1984000 	C:\Windows\System32\combase.dll
0x00007ff9bf3a0000 - 0x00007ff9bf3ce000 	C:\Windows\SYSTEM32\Wldp.dll
0x00007ff9c1ce0000 - 0x00007ff9c1d8d000 	C:\Windows\System32\SHCORE.dll
0x00007ff9c1e80000 - 0x00007ff9c1ed5000 	C:\Windows\System32\shlwapi.dll
0x00007ff9bf880000 - 0x00007ff9bf89f000 	C:\Windows\SYSTEM32\profapi.dll
0x00007ff9adbc0000 - 0x00007ff9adbd3000 	C:\Program Files\Java\jdk-19\bin\net.dll
0x00007ff9b5580000 - 0x00007ff9b568a000 	C:\Windows\SYSTEM32\WINHTTP.dll
0x00007ff9bf100000 - 0x00007ff9bf16a000 	C:\Windows\system32\mswsock.dll
0x00007ff9ad900000 - 0x00007ff9ad916000 	C:\Program Files\Java\jdk-19\bin\nio.dll
0x00007ff9ac4d0000 - 0x00007ff9ac4e8000 	C:\Program Files\Java\jdk-19\bin\zip.dll
0x00007ff9bede0000 - 0x00007ff9beeab000 	C:\Windows\SYSTEM32\DNSAPI.dll
0x00007ff9beda0000 - 0x00007ff9beddc000 	C:\Windows\SYSTEM32\IPHLPAPI.DLL
0x00007ff9c20e0000 - 0x00007ff9c20e8000 	C:\Windows\System32\NSI.dll
0x00007ff9b39f0000 - 0x00007ff9b39fa000 	C:\Windows\System32\rasadhlp.dll
0x00007ff9b3a70000 - 0x00007ff9b3af0000 	C:\Windows\System32\fwpuclnt.dll
0x00007ff9bf940000 - 0x00007ff9bf967000 	C:\Windows\System32\bcrypt.dll
0x00007ff9afbd0000 - 0x00007ff9afbd8000 	C:\Program Files\Java\jdk-19\bin\extnet.dll
0x00007ff9bf2f0000 - 0x00007ff9bf308000 	C:\Windows\SYSTEM32\CRYPTSP.dll
0x00007ff9be940000 - 0x00007ff9be974000 	C:\Windows\system32\rsaenh.dll
0x00007ff9bf840000 - 0x00007ff9bf86e000 	C:\Windows\SYSTEM32\USERENV.dll
0x00007ff9bf310000 - 0x00007ff9bf31c000 	C:\Windows\SYSTEM32\CRYPTBASE.dll
0x00007ff9b7b90000 - 0x00007ff9b7ba7000 	C:\Windows\SYSTEM32\dhcpcsvc6.DLL
0x00007ff9b7ab0000 - 0x00007ff9b7acd000 	C:\Windows\SYSTEM32\dhcpcsvc.DLL

dbghelp: loaded successfully - version: 4.0.5 - missing functions: none
symbol engine: initialized successfully - sym options: 0x614 - pdb path: .;C:\Program Files\Java\jdk-19\bin;C:\Windows\SYSTEM32;C:\Windows\WinSxS\amd64_microsoft.windows.common-controls_6595b64144ccf1df_6.0.19041.1110_none_60b5254171f9507e;C:\Program Files\Java\jdk-19\bin\server

VM Arguments:
jvm_args: -ea -Dfile.encoding=windows-1252 -XX:+ShowCodeDetailsInExceptionMessages -Xmx256M 
java_command: org.testng.remote.RemoteTestNG -serport 53505 -protocol json -d D:\webAuto\test-output C:\Users\Lenovo\AppData\Local\Temp\testng-eclipse-491201236\testng-customsuite.xml
java_class_path (initial): C:\Users\Lenovo\eclipse\jee-2022-12\eclipse\configuration\org.eclipse.osgi\922\0\.cp\lib\testng-remote.jar;D:\webAuto\target\test-classes;D:\webAuto\target\classes;C:\Users\Lenovo\.m2\repository\org\seleniumhq\selenium\selenium-java\3.141.59\selenium-java-3.141.59.jar;C:\Users\Lenovo\.m2\repository\org\seleniumhq\selenium\selenium-api\3.141.59\selenium-api-3.141.59.jar;C:\Users\Lenovo\.m2\repository\org\seleniumhq\selenium\selenium-chrome-driver\3.141.59\selenium-chrome-driver-3.141.59.jar;C:\Users\Lenovo\.m2\repository\org\seleniumhq\selenium\selenium-edge-driver\3.141.59\selenium-edge-driver-3.141.59.jar;C:\Users\Lenovo\.m2\repository\org\seleniumhq\selenium\selenium-firefox-driver\3.141.59\selenium-firefox-driver-3.141.59.jar;C:\Users\Lenovo\.m2\repository\org\seleniumhq\selenium\selenium-ie-driver\3.141.59\selenium-ie-driver-3.141.59.jar;C:\Users\Lenovo\.m2\repository\org\seleniumhq\selenium\selenium-opera-driver\3.141.59\selenium-opera-driver-3.141.59.jar;C:\Users\Lenovo\.m2\repository\org\seleniumhq\selenium\selenium-remote-driver\3.141.59\selenium-remote-driver-3.141.59.jar;C:\Users\Lenovo\.m2\repository\org\seleniumhq\selenium\selenium-safari-driver\3.141.59\selenium-safari-driver-3.141.59.jar;C:\Users\Lenovo\.m2\repository\org\seleniumhq\selenium\selenium-support\3.141.59\selenium-support-3.141.59.jar;C:\Users\Lenovo\.m2\repository\net\bytebuddy\byte-buddy\1.8.15\byte-buddy-1.8.15.jar;C:\Users\Lenovo\.m2\repository\org\apache\commons\commons-exec\1.3\commons-exec-1.3.jar;C:\Users\Lenovo\.m2\repository\com\google\guava\guava\25.0-jre\guava-25.0-jre.jar;C:\Users\Lenovo\.m2\repository\com\google\code\findbugs\jsr305\1.3.9\jsr305-1.3.9.jar;C:\Users\Lenovo\.m2\repository\org\checkerframework\checker-compat-qual\2.0.0\checker-compat-qual-2.0.0.jar;C:\Users\Lenovo\.m2\repository\com\google\errorprone\error_prone_annotations\2.1.3\error_prone_annotations-2.1.3.jar;C:\Users\Lenovo\.m2\repository\com\google\j2objc\j2objc-annotations\1.1\j2objc-annotations-1.1.jar;C:\Users\Lenovo\.m2\repository\org\codehaus\mojo\animal-sniffer-annotations\1.14\animal-sniffer-annotations-1.14.jar;C:\Users\Lenovo\.m2\repository\com\squareup\okhttp3\okhttp\3.11.0\okhttp-3.11.0.jar;C:\Users\Lenovo\.m2\repository\com\squareup\okio\okio\1.14.0\okio-1.14.0.jar;C:\Users\Lenovo\.m2\repository\org\testng\testng\7.3.0\testng-7.3.0.jar;C:\Users\Lenovo\.m2\repository\com\beust\jcommander\1.78\jcommander-1.78.jar;C:\Users\Lenovo\.m2\repository\org\apache\ant\ant\1.10.3\ant-1.10.3.jar;C:\Users\Lenovo\.m2\repository\org\apache\ant\ant-launcher\1.10.3\ant-launcher-1.10.3.jar;C:\Users\Lenovo\.m2\repository\junit\junit\4.12\junit-4.12.jar;C:\Users\Lenovo\.m2\repository\org\hamcrest\hamcrest-core\1.3\hamcrest-core-1.3.jar;C:\Users\Lenovo\.m2\repository\com\google\inject\guice\4.2.2\guice-4.2.2-no_aop.jar;C:\Users\Lenovo\.m2\repository\javax\inject\javax.inject\1\javax.inject-1.jar;C:\Users\Lenovo\.m2\repository\aopalliance\aopalliance\1.0\aopalliance-1.0.jar;C:\Users\Lenovo\.m2\repository\org\yaml\snakeyaml\1.21\snakeyaml-1.21.jar;C:\Users\Lenovo\.m2\repository\commons-io\commons-io\2.4\commons-io-2.4.jar;C:\Users\Lenovo\.m2\repository\log4j\log4j\1.2.17\log4j-1.2.17.jar;C:\Users\Lenovo\.m2\repository\io\appium\java-client\7.3.0\java-client-7.3.0.jar;C:\Users\Lenovo\.m2\repository\com\google\code\gson\gson\2.8.5\gson-2.8.5.jar;C:\Users\Lenovo\.m2\repository\org\apache\httpcomponents\httpclient\4.5.9\httpclient-4.5.9.jar;C:\Users\Lenovo\.m2\repository\org\apache\httpcomponents\httpcore\4.4.11\httpcore-4.4.11.jar;C:\Users\Lenovo\.m2\repository\commons-logging\commons-logging\1.2\commons-logging-1.2.jar;C:\Users\Lenovo\.m2\repository\commons-codec\commons-codec\1.11\commons-codec-1.11.jar;C:\Users\Lenovo\.m2\repository\cglib\cglib\3.2.12\cglib-3.2.12.jar;C:\Users\Lenovo\.m2\repository\org\ow2\asm\asm\7.1\asm-7.1.jar;C:\Users\Lenovo\.m2\repository\commons-validator\commons-validator\1.6\commons-validator-1.6.jar;C:\Users\Lenovo\.m2\repository\commons-beanutils\commons-beanutils\1.9.2\commons-beanutils-1.9.2.jar;C:\Users\Lenovo\.m2\repository\commons-digester\commons-digester\1.8.1\commons-digester-1.8.1.jar;C:\Users\Lenovo\.m2\repository\commons-collections\commons-collections\3.2.2\commons-collections-3.2.2.jar;C:\Users\Lenovo\.m2\repository\org\springframework\spring-context\5.1.8.RELEASE\spring-context-5.1.8.RELEASE.jar;C:\Users\Lenovo\.m2\repository\org\springframework\spring-aop\5.1.8.RELEASE\spring-aop-5.1.8.RELEASE.jar;C:\Users\Lenovo\.m2\repository\org\springframework\spring-beans\5.1.8.RELEASE\spring-beans-5.1.8.RELEASE.jar;C:\Users\Lenovo\.m2\repository\org\springframework\spring-core\5.1.8.RELEASE\spring-core-5.1.8.RELEASE.jar;C:\Users\Lenovo\.m2\repository\org\springframework\spring-jcl\5.1.8.RELEASE\spring-jcl-5.1.8.RELEASE.jar;C:\Users\Lenovo\.m2\repository\org\springframework\spring-expression\5.1.8.RELEASE\spring-expression-5.1.8.RELEASE.jar;C:\Users\Lenovo\.m2\repository\org\aspectj\aspectjweaver\1.9.4\aspectjweaver-1.9.4.jar;C:\Users\Lenovo\.m2\repository\org\slf4j\slf4j-api\1.7.26\slf4j-api-1.7.26.jar;C:\Users\Lenovo\.m2\repository\org\apache\commons\commons-collections4\4.1\commons-collections4-4.1.jar;C:\Users\Lenovo\.m2\repository\org\apache\commons\commons-lang3\3.12.0\commons-lang3-3.12.0.jar;C:\Users\Lenovo\.m2\repository\org\seleniumhq\selenium\client-drivers\selenium-java-client-driver\1.0.2\selenium-java-client-driver-1.0.2.jar
Launcher Type: SUN_STANDARD

[Global flags]
     intx CICompilerCount                          = 2                                         {product} {ergonomic}
     uint ConcGCThreads                            = 1                                         {product} {ergonomic}
     uint G1ConcRefinementThreads                  = 2                                         {product} {ergonomic}
   size_t G1HeapRegionSize                         = 1048576                                   {product} {ergonomic}
    uintx GCDrainStackTargetSize                   = 64                                        {product} {ergonomic}
   size_t InitialHeapSize                          = 96468992                                  {product} {ergonomic}
   size_t MarkStackSize                            = 4194304                                   {product} {ergonomic}
   size_t MaxHeapSize                              = 268435456                                 {product} {command line}
   size_t MaxNewSize                               = 160432128                                 {product} {ergonomic}
   size_t MinHeapDeltaBytes                        = 1048576                                   {product} {ergonomic}
   size_t MinHeapSize                              = 8388608                                   {product} {ergonomic}
    uintx NonNMethodCodeHeapSize                   = 5826188                                {pd product} {ergonomic}
    uintx NonProfiledCodeHeapSize                  = 122916026                              {pd product} {ergonomic}
    uintx ProfiledCodeHeapSize                     = 122916026                              {pd product} {ergonomic}
    uintx ReservedCodeCacheSize                    = 251658240                              {pd product} {ergonomic}
     bool SegmentedCodeCache                       = true                                      {product} {ergonomic}
     bool ShowCodeDetailsInExceptionMessages       = true                                   {manageable} {command line}
   size_t SoftMaxHeapSize                          = 268435456                              {manageable} {ergonomic}
     bool UseCompressedClassPointers               = true                           {product lp64_product} {ergonomic}
     bool UseCompressedOops                        = true                           {product lp64_product} {ergonomic}
     bool UseG1GC                                  = true                                      {product} {ergonomic}
     bool UseLargePagesIndividualAllocation        = false                                  {pd product} {ergonomic}

Logging:
Log output configuration:
 #0: stdout all=warning uptime,level,tags foldmultilines=false
 #1: stderr all=off uptime,level,tags foldmultilines=false

Environment Variables:
JAVA_HOME=C:\Program Files\Java\jdk-19
_JAVA_OPTIONS=-Xmx256M
PATH=C:/Users/Lenovo/.p2/pool/plugins/org.eclipse.justj.openjdk.hotspot.jre.full.win32.x86_64_17.0.5.v20221102-0933/jre/bin/server;C:/Users/Lenovo/.p2/pool/plugins/org.eclipse.justj.openjdk.hotspot.jre.full.win32.x86_64_17.0.5.v20221102-0933/jre/bin;C:\Program Files\OpenJDK\jdk-8.0.362.09-hotspot\bin;C:\Program Files\Common Files\Oracle\Java\javapath;C:\Program Files (x86)\Common Files\Oracle\Java\javapath;C:\Windows\system32;C:\Windows;C:\Windows\System32\Wbem;C:\Windows\System32\WindowsPowerShell\v1.0\;C:\Windows\System32\OpenSSH\;C:\Program Files\Java\jdk-19\bin\bin;C:\Users\Lenovo\AppData\Local\Android\Sdk\platform-tools;C:\Users\Lenovo\AppData\Local\Android\Sdk\tools;C:\Users\Lenovo\AppData\Local\Android\Sdk\build-tools\bin;C:\Users\Lenovo\AppData\Local\Android\Sdk\tools\bin;C:\Program Files\Java\jdk-19\bin;JAVA_HOME%\lib;C:\Pogram Files\Android\Android Studio\bin;C:\Users\Lenovo\apache-maven-3.8.7\bin;C:\Program Files\Java\jdk-19\bin;C:\Users\Lenovo\AppData\Local\Microsoft\WindowsApps;C:\Program Files\Java\jdk-19\bin;C:\Users\Lenovo\AppData\Local\GitHubDesktop\bin;C:\Users\Lenovo\Desktop;
USERNAME=Lenovo
OS=Windows_NT
PROCESSOR_IDENTIFIER=Intel64 Family 6 Model 37 Stepping 5, GenuineIntel
TMP=C:\Users\Lenovo\AppData\Local\Temp
TEMP=C:\Users\Lenovo\AppData\Local\Temp



---------------  S Y S T E M  ---------------

OS:
 Windows 10 , 64 bit Build 19041 (10.0.19041.2788)
OS uptime: 3 days 2:12 hours

CPU: total 2 (initial active 2) (2 cores per cpu, 1 threads per core) family 6 model 37 stepping 5 microcode 0x7, cx8, cmov, fxsr, mmx, sse, sse2, sse3, ssse3, popcnt, tsc, tscinvbit, clflush, rdtscp

Memory: 4k page, system-wide physical 5876M (1016M free)
TotalPageFile size 21266M (AvailPageFile size 4M)
current process WorkingSet (physical memory assigned to process): 53M, peak: 53M
current process commit charge ("private bytes"): 170M, peak: 170M

vm_info: Java HotSpot(TM) 64-Bit Server VM (19.0.1+10-21) for windows-amd64 JRE (19.0.1+10-21), built on 2022-09-14T12:45:06Z by "mach5one" with MS VC++ 17.1 (VS2022)

END.
